============================= test session starts ==============================
platform darwin -- Python 3.12.0, pytest-9.0.3, pluggy-1.6.0 -- /Users/bagheera/repos/codepath/Codepath_AI_110/Week02/.venv/bin/python
cachedir: .pytest_cache
rootdir: /Users/bagheera/repos/codepath/Codepath_AI_110/Week02
plugins: anyio-4.13.0
collecting ... collected 73 items

tests/test_game_logic.py::TestGetRangeForDifficulty::test_easy_range PASSED [  1%]
tests/test_game_logic.py::TestGetRangeForDifficulty::test_normal_range PASSED [  2%]
tests/test_game_logic.py::TestGetRangeForDifficulty::test_hard_range PASSED [  4%]
tests/test_game_logic.py::TestGetRangeForDifficulty::test_unknown_difficulty_returns_default PASSED [  5%]
tests/test_game_logic.py::TestGetRangeForDifficulty::test_empty_string_returns_default PASSED [  6%]
tests/test_game_logic.py::TestParseGuess::test_valid_integer PASSED      [  8%]
tests/test_game_logic.py::TestParseGuess::test_valid_integer_boundary_low PASSED [  9%]
tests/test_game_logic.py::TestParseGuess::test_valid_integer_boundary_high PASSED [ 10%]
tests/test_game_logic.py::TestParseGuess::test_none_input PASSED         [ 12%]
tests/test_game_logic.py::TestParseGuess::test_empty_string PASSED       [ 13%]
tests/test_game_logic.py::TestParseGuess::test_letter_input PASSED       [ 15%]
tests/test_game_logic.py::TestParseGuess::test_word_input PASSED         [ 16%]
tests/test_game_logic.py::TestParseGuess::test_decimal_input PASSED      [ 17%]
tests/test_game_logic.py::TestParseGuess::test_decimal_with_zero_fraction PASSED [ 19%]
tests/test_game_logic.py::TestParseGuess::test_negative_integer PASSED   [ 20%]
tests/test_game_logic.py::TestParseGuess::test_zero PASSED               [ 21%]
tests/test_game_logic.py::TestParseGuess::test_whitespace_only PASSED    [ 23%]
tests/test_game_logic.py::TestParseGuess::test_leading_trailing_spaces_parse_successfully PASSED [ 24%]
tests/test_game_logic.py::TestParseGuess::test_very_large_integer PASSED [ 26%]
tests/test_game_logic.py::TestParseGuess::test_negative_decimal PASSED   [ 27%]
tests/test_game_logic.py::TestParseGuess::test_multiple_decimal_points PASSED [ 28%]
tests/test_game_logic.py::TestParseGuess::test_scientific_notation PASSED [ 30%]
tests/test_game_logic.py::TestCheckGuess::test_correct_guess_returns_win PASSED [ 31%]
tests/test_game_logic.py::TestCheckGuess::test_correct_guess_message PASSED [ 32%]
tests/test_game_logic.py::TestCheckGuess::test_guess_too_high_outcome PASSED [ 34%]
tests/test_game_logic.py::TestCheckGuess::test_guess_too_high_message_says_lower PASSED [ 35%]
tests/test_game_logic.py::TestCheckGuess::test_guess_too_low_outcome PASSED [ 36%]
tests/test_game_logic.py::TestCheckGuess::test_guess_too_low_message_says_higher PASSED [ 38%]
tests/test_game_logic.py::TestCheckGuess::test_boundary_one_below_secret PASSED [ 39%]
tests/test_game_logic.py::TestCheckGuess::test_boundary_one_above_secret PASSED [ 41%]
tests/test_game_logic.py::TestCheckGuess::test_returns_tuple_of_two PASSED [ 42%]
tests/test_game_logic.py::TestCheckGuess::test_both_zero_is_win PASSED   [ 43%]
tests/test_game_logic.py::TestCheckGuess::test_very_large_values_too_low PASSED [ 45%]
tests/test_game_logic.py::TestCheckGuess::test_negative_secret_win PASSED [ 46%]
tests/test_game_logic.py::TestCheckGuess::test_negative_secret_too_high PASSED [ 47%]
tests/test_game_logic.py::TestCheckGuess::test_negative_secret_too_low PASSED [ 49%]
tests/test_game_logic.py::TestUpdateScore::test_win_on_first_attempt_scores_100 PASSED [ 50%]
tests/test_game_logic.py::TestUpdateScore::test_win_on_second_attempt_scores_90 PASSED [ 52%]
tests/test_game_logic.py::TestUpdateScore::test_win_on_tenth_attempt_hits_floor PASSED [ 53%]
tests/test_game_logic.py::TestUpdateScore::test_win_beyond_tenth_attempt_still_floors_at_10 PASSED [ 54%]
tests/test_game_logic.py::TestUpdateScore::test_win_adds_to_existing_score PASSED [ 56%]
tests/test_game_logic.py::TestUpdateScore::test_too_high_deducts_5 PASSED [ 57%]
tests/test_game_logic.py::TestUpdateScore::test_too_low_deducts_5 PASSED [ 58%]
tests/test_game_logic.py::TestUpdateScore::test_too_high_and_too_low_deduct_equally PASSED [ 60%]
tests/test_game_logic.py::TestUpdateScore::test_score_can_go_negative PASSED [ 61%]
tests/test_game_logic.py::TestUpdateScore::test_unknown_outcome_leaves_score_unchanged PASSED [ 63%]
tests/test_game_logic.py::TestUpdateScore::test_cumulative_deductions PASSED [ 64%]
tests/test_game_logic.py::TestUpdateScore::test_win_on_attempt_zero_clamped_to_attempt_one PASSED [ 65%]
tests/test_game_logic.py::TestUpdateScore::test_win_with_very_large_attempt_number PASSED [ 67%]
tests/test_game_logic.py::TestUpdateScore::test_win_floor_applied_to_total PASSED [ 68%]
tests/test_game_logic.py::TestUpdateScore::test_outcome_is_case_sensitive PASSED [ 69%]
tests/test_game_logic.py::TestIsValidRange::test_easy_low_boundary_valid PASSED [ 71%]
tests/test_game_logic.py::TestIsValidRange::test_easy_high_boundary_valid PASSED [ 72%]
tests/test_game_logic.py::TestIsValidRange::test_easy_mid_range_valid PASSED [ 73%]
tests/test_game_logic.py::TestIsValidRange::test_easy_zero_is_invalid PASSED [ 75%]
tests/test_game_logic.py::TestIsValidRange::test_easy_negative_is_invalid PASSED [ 76%]
tests/test_game_logic.py::TestIsValidRange::test_easy_above_high_is_invalid PASSED [ 78%]
tests/test_game_logic.py::TestIsValidRange::test_hard_high_boundary_valid PASSED [ 79%]
tests/test_game_logic.py::TestIsValidRange::test_hard_above_high_is_invalid PASSED [ 80%]
tests/test_game_logic.py::TestIsValidRange::test_normal_high_boundary_valid PASSED [ 82%]
tests/test_game_logic.py::TestIsValidRange::test_normal_above_high_is_invalid PASSED [ 83%]
tests/test_game_logic.py::TestIsValidRange::test_normal_zero_is_invalid PASSED [ 84%]
tests/test_game_logic.py::TestIsValidRange::test_very_large_integer_invalid PASSED [ 86%]
tests/test_game_logic.py::TestIsValidRange::test_very_large_negative_invalid PASSED [ 87%]
tests/test_game_logic.py::TestIsValidRange::test_single_value_range_valid PASSED [ 89%]
tests/test_game_logic.py::TestIsValidRange::test_single_value_range_below_invalid PASSED [ 90%]
tests/test_game_logic.py::TestIsValidRange::test_single_value_range_above_invalid PASSED [ 91%]
tests/test_game_logic.py::TestIsHighScore::test_higher_score_is_new_high PASSED [ 93%]
tests/test_game_logic.py::TestIsHighScore::test_equal_score_is_not_new_high PASSED [ 94%]
tests/test_game_logic.py::TestIsHighScore::test_lower_score_is_not_new_high PASSED [ 95%]
tests/test_game_logic.py::TestIsHighScore::test_first_game_any_positive_score_beats_zero PASSED [ 97%]
tests/test_game_logic.py::TestIsHighScore::test_zero_does_not_beat_zero PASSED [ 98%]
tests/test_game_logic.py::TestIsHighScore::test_score_beats_previous_high_by_one PASSED [100%]

============================== 73 passed in 0.03s ==============================